RUN n: 3 repeat: 10 dtype: St7complexIdE
Input matrix
(  1.414498e-01,   0.000000e+00) (  1.874801e-02,   4.063074e-02) (  1.453701e-01,   4.531723e-01) 
(  1.874801e-02,  -4.063074e-02) (  4.957766e-01,   0.000000e+00) (  2.155770e-01,   3.539051e-01) 
(  1.453701e-01,  -4.531723e-01) (  2.155770e-01,  -3.539051e-01) (  9.852718e-01,   0.000000e+00) 
Output matrix (normalized)
(  8.374804e-01,   0.000000e+00) (  4.304088e-01,   0.000000e+00) (  3.367118e-01,   0.000000e+00) 
(  2.845763e-01,  -2.441876e-03) ( -8.604034e-01,   1.004137e-01) (  3.920211e-01,  -1.222824e-01) 
( -1.653490e-01,   4.362300e-01) (  1.407120e-01,  -2.111197e-01) (  2.313934e-01,  -8.151373e-01) 
average time 0.00121165 s
average time 0.00214001 s (including handle creation)
RUN n: 100 repeat: 10 dtype: St7complexIdE
Input matrix
(  1.342311e+00,   0.000000e+00) (  9.258097e-01,   8.998877e-01) (  4.239871e-01,   1.317000e-01) (  8.406001e-01,   7.923287e-01)             ...(  9.864373e-01,   2.048968e-01) (  5.676794e-01,   9.258994e-01) (  6.921833e-01,   2.770753e-01) (  5.808821e-01,   2.987144e-01) 
(  9.258097e-01,  -8.998877e-01) (  8.690918e-01,   0.000000e+00) (  7.441564e-01,   9.431664e-01) (  6.850579e-02,   2.757442e-01)             ...(  2.550686e-01,   5.681398e-01) (  4.014831e-01,   5.469856e-01) (  2.762535e-01,   3.166202e-02) (  9.873756e-01,   2.561191e-01) 
(  4.239871e-01,  -1.317000e-01) (  7.441564e-01,  -9.431664e-01) (  3.306324e-01,   0.000000e+00) (  4.372281e-01,   2.708346e-01)             ...(  2.237903e-01,   6.717822e-01) (  1.646032e-02,   2.166798e-01) (  8.711436e-01,   2.017232e-01) (  7.993921e-01,   6.902288e-01) 
(  8.406001e-01,  -7.923287e-01) (  6.850579e-02,  -2.757442e-01) (  4.372281e-01,  -2.708346e-01) (  1.483747e+00,   0.000000e+00)             ...(  6.546353e-01,   1.308073e-01) (  5.659748e-01,   1.478409e-01) (  1.572352e-01,   9.470195e-01) (  9.686807e-02,   2.099014e-01) 
            ...            ...            ...            ...            ...            ...            ...            ...            ...
(  9.864373e-01,  -2.048968e-01) (  2.550686e-01,  -5.681398e-01) (  2.237903e-01,  -6.717822e-01) (  6.546353e-01,  -1.308073e-01)             ...(  9.183967e-01,   0.000000e+00) (  9.389527e-01,   6.182133e-01) (  3.587597e-01,   2.976670e-01) (  2.652012e-01,   7.221014e-01) 
(  5.676794e-01,  -9.258994e-01) (  4.014831e-01,  -5.469856e-01) (  1.646032e-02,  -2.166798e-01) (  5.659748e-01,  -1.478409e-01)             ...(  9.389527e-01,  -6.182133e-01) (  3.348221e-01,   0.000000e+00) (  3.722267e-01,   1.730378e-01) (  7.504716e-02,   8.935876e-01) 
(  6.921833e-01,  -2.770753e-01) (  2.762535e-01,  -3.166202e-02) (  8.711436e-01,  -2.017232e-01) (  1.572352e-01,  -9.470195e-01)             ...(  3.587597e-01,  -2.976670e-01) (  3.722267e-01,  -1.730378e-01) (  1.113917e+00,   0.000000e+00) (  2.952798e-01,   9.060221e-02) 
(  5.808821e-01,  -2.987144e-01) (  9.873756e-01,  -2.561191e-01) (  7.993921e-01,  -6.902288e-01) (  9.686807e-02,  -2.099014e-01)             ...(  2.652012e-01,  -7.221014e-01) (  7.504716e-02,  -8.935876e-01) (  2.952798e-01,  -9.060221e-02) (  8.686952e-01,   0.000000e+00) 
Output matrix (normalized)
(  1.100522e-01,   0.000000e+00) ( -7.029346e-02,   0.000000e+00) ( -1.784784e-02,   0.000000e+00) (  1.334511e-01,   0.000000e+00)             ...( -1.270122e-01,   0.000000e+00) (  1.070834e-01,   0.000000e+00) ( -8.836772e-02,   0.000000e+00) (  9.766697e-02,   0.000000e+00) 
(  1.118326e-01,  -1.387582e-02) ( -9.699395e-02,  -4.379622e-03) (  3.518543e-03,  -2.113638e-02) ( -8.621722e-02,   6.338317e-02)             ...( -5.598273e-02,   2.912773e-02) (  8.336888e-02,  -4.256865e-02) ( -8.127578e-02,   4.314096e-05) (  1.007179e-01,  -9.969510e-03) 
(  9.386803e-02,   1.156955e-02) ( -4.249410e-02,  -4.166482e-02) (  1.324448e-01,  -3.554523e-02) (  3.697457e-02,  -9.851856e-02)             ...( -1.269039e-01,   6.682483e-02) (  1.017158e-02,  -5.037852e-02) ( -8.910196e-02,   3.958188e-02) (  9.848653e-02,   7.758316e-03) 
(  8.900439e-02,  -2.045294e-02) ( -8.200485e-02,  -7.324486e-02) (  1.711301e-02,  -7.319130e-02) ( -8.658154e-02,   1.052724e-01)             ...( -1.064228e-01,   5.869283e-02) (  3.564320e-02,  -1.063928e-01) ( -1.081446e-01,   2.077414e-02) (  9.394257e-02,  -5.422847e-03) 
            ...            ...            ...            ...            ...            ...            ...            ...            ...
( -3.363570e-02,  -7.386480e-02) (  5.001274e-02,   1.549464e-01) (  3.040337e-03,  -7.180118e-02) (  1.105263e-01,  -5.971606e-03)             ...( -4.436556e-02,   1.452667e-01) ( -4.025073e-02,   2.308529e-02) ( -1.959434e-02,   6.929640e-02) (  1.572876e-02,  -9.662716e-02) 
( -1.027793e-02,  -9.656240e-02) ( -1.751966e-02,   9.198329e-02) ( -5.326795e-02,   5.053055e-02) (  4.341640e-02,   1.099300e-01)             ...(  1.692796e-02,   5.429086e-02) (  9.378772e-03,  -5.399156e-02) (  5.896251e-03,   7.989210e-02) (  2.059485e-03,  -1.035270e-01) 
( -1.428220e-02,  -9.314728e-02) (  2.806179e-02,   1.431409e-01) ( -5.394346e-03,  -8.585265e-02) ( -1.256178e-01,   6.219535e-02)             ...( -6.463451e-02,   8.315059e-03) ( -1.005179e-02,  -4.909981e-02) ( -1.353571e-02,   1.191165e-01) (  7.192401e-03,  -9.998765e-02) 
( -2.475120e-02,  -7.707748e-02) (  2.876526e-02,   7.931546e-02) ( -6.406464e-02,  -6.905073e-03) ( -4.128906e-02,   9.397835e-02)             ...( -3.004200e-02,   8.423937e-04) ( -5.255097e-02,  -4.879972e-02) (  1.192575e-02,   9.963970e-02) (  1.441050e-02,  -9.451804e-02) 
average time 0.00288842 s
average time 0.00394557 s (including handle creation)
RUN n: 200 repeat: 10 dtype: St7complexIdE
Input matrix
(  9.882873e-01,   0.000000e+00) (  9.373785e-01,   7.555508e-02) (  8.146225e-01,   5.017441e-01) (  1.174682e-01,   9.114806e-01)             ...(  3.835990e-01,   9.229685e-01) (  6.461997e-01,   5.513189e-01) (  2.782671e-01,   9.889059e-01) (  5.996017e-02,   8.148399e-01) 
(  9.373785e-01,  -7.555508e-02) (  9.478752e-01,   0.000000e+00) (  4.787582e-02,   3.689140e-02) (  4.010038e-01,   1.576961e-01)             ...(  8.626830e-01,   9.933912e-01) (  6.731941e-01,   9.345931e-01) (  3.288310e-01,   1.720443e-01) (  9.833491e-01,   9.329818e-01) 
(  8.146225e-01,  -5.017441e-01) (  4.787582e-02,  -3.689140e-02) (  2.998851e-02,   0.000000e+00) (  8.774799e-01,   9.613371e-01)             ...(  7.377653e-02,   5.226245e-01) (  9.782996e-01,   6.843073e-01) (  7.329469e-02,   2.454120e-01) (  9.296390e-01,   5.812624e-01) 
(  1.174682e-01,  -9.114806e-01) (  4.010038e-01,  -1.576961e-01) (  8.774799e-01,  -9.613371e-01) (  1.637986e+00,   0.000000e+00)             ...(  3.841073e-01,   8.656551e-01) (  9.139758e-01,   9.792367e-01) (  7.901806e-01,   9.804810e-01) (  8.473129e-01,   2.126091e-01) 
            ...            ...            ...            ...            ...            ...            ...            ...            ...
(  3.835990e-01,  -9.229685e-01) (  8.626830e-01,  -9.933912e-01) (  7.377653e-02,  -5.226245e-01) (  3.841073e-01,  -8.656551e-01)             ...(  1.728211e+00,   0.000000e+00) (  9.812235e-01,   6.084742e-01) (  3.900959e-02,   6.387424e-01) (  1.047324e-01,   7.790454e-01) 
(  6.461997e-01,  -5.513189e-01) (  6.731941e-01,  -9.345931e-01) (  9.782996e-01,  -6.843073e-01) (  9.139758e-01,  -9.792367e-01)             ...(  9.812235e-01,  -6.084742e-01) (  6.903729e-01,   0.000000e+00) (  7.143400e-01,   6.620467e-01) (  4.547666e-01,   3.481531e-01) 
(  2.782671e-01,  -9.889059e-01) (  3.288310e-01,  -1.720443e-01) (  7.329469e-02,  -2.454120e-01) (  7.901806e-01,  -9.804810e-01)             ...(  3.900959e-02,  -6.387424e-01) (  7.143400e-01,  -6.620467e-01) (  4.399822e-01,   0.000000e+00) (  7.422004e-01,   5.212064e-01) 
(  5.996017e-02,  -8.148399e-01) (  9.833491e-01,  -9.329818e-01) (  9.296390e-01,  -5.812624e-01) (  8.473129e-01,  -2.126091e-01)             ...(  1.047324e-01,  -7.790454e-01) (  4.547666e-01,  -3.481531e-01) (  7.422004e-01,  -5.212064e-01) (  2.728034e-01,   0.000000e+00) 
Output matrix (normalized)
(  6.797005e-02,   8.323930e-18) ( -6.007689e-02,  -7.357298e-18) (  4.961109e-02,   6.075606e-18) (  1.037385e-01,   1.270430e-17)             ...( -1.231563e-01,  -1.508229e-17) ( -5.988485e-02,  -7.333779e-18) ( -6.703012e-02,  -8.208823e-18) ( -7.067797e-02,  -8.655555e-18) 
(  6.756103e-02,  -1.800849e-03) ( -8.232963e-02,   5.602713e-03) (  4.554628e-02,   4.582693e-02) (  2.082144e-02,  -3.809070e-02)             ...( -6.362955e-02,   3.835295e-02) ( -8.502587e-02,  -2.063480e-02) ( -6.238991e-02,   1.445226e-02) ( -6.927164e-02,   1.164646e-03) 
(  7.101596e-02,   5.717256e-03) ( -7.977911e-02,  -4.759684e-03) (  6.141412e-02,  -2.760945e-03) (  4.492827e-02,   4.625180e-02)             ...( -7.153977e-02,   1.192178e-02) ( -7.585661e-02,   7.307071e-03) ( -9.075804e-02,  -1.027494e-03) ( -7.040445e-02,   1.995213e-03) 
(  6.606594e-02,   1.270326e-02) ( -5.930290e-02,  -6.860821e-03) (  1.957223e-02,   4.998713e-02) (  2.127758e-02,   7.255062e-02)             ...( -3.800863e-02,   1.429448e-01) ( -5.862862e-02,   5.812854e-03) ( -6.859940e-02,   2.581765e-02) ( -6.950508e-02,  -2.451571e-03) 
            ...            ...            ...            ...            ...            ...            ...            ...            ...
( -6.208700e-03,  -5.976720e-02) ( -7.769880e-03,   4.109092e-02) (  7.081213e-03,  -2.137156e-02) (  2.460252e-02,  -3.623747e-02)             ...( -2.923878e-02,   7.785521e-02) ( -1.172042e-02,   6.561675e-02) ( -3.317456e-03,   4.258326e-02) ( -4.513044e-03,   7.052922e-02) 
(  9.904297e-03,  -6.900944e-02) (  2.869565e-02,   2.411449e-02) (  3.869807e-02,  -2.069879e-02) (  1.080665e-02,  -8.074873e-02)             ...( -6.085506e-03,   1.113888e-01) ( -2.970618e-02,   6.621329e-02) ( -1.224708e-02,   6.317080e-02) ( -6.054622e-03,   7.312985e-02) 
(  1.618821e-03,  -7.016786e-02) (  2.451632e-03,   3.838583e-02) ( -1.552697e-02,  -6.221164e-02) ( -2.924599e-02,  -4.861603e-02)             ...(  4.552833e-02,   1.233783e-01) ( -1.343419e-02,   7.251669e-02) (  7.357907e-03,   5.916225e-02) ( -3.778051e-03,   6.649409e-02) 
(  2.712602e-03,  -7.258833e-02) (  2.152595e-02,   8.911341e-02) (  4.496487e-02,  -9.042882e-02) (  1.536824e-03,  -2.130376e-02)             ...(  2.180727e-02,   5.141217e-02) ( -2.973893e-02,   6.959955e-02) ( -1.792445e-02,   7.653914e-02) ( -4.209500e-03,   7.157684e-02) 
average time 0.0123036 s
average time 0.0139333 s (including handle creation)
RUN n: 400 repeat: 10 dtype: St7complexIdE
Input matrix
(  1.583284e+00,   0.000000e+00) (  1.744190e-01,   1.676590e-01) (  1.028688e-01,   4.802356e-01) (  1.380244e-01,   9.146480e-01)             ...(  6.243723e-01,   5.676889e-01) (  4.179935e-01,   7.544068e-01) (  5.133636e-01,   2.105671e-01) (  5.475012e-01,   7.385100e-01) 
(  1.744190e-01,  -1.676590e-01) (  4.005549e-01,   0.000000e+00) (  5.973632e-01,   6.242864e-01) (  5.780635e-01,   7.421677e-01)             ...(  9.920568e-01,   2.945251e-01) (  2.163899e-01,   2.501859e-01) (  6.861816e-01,   3.364356e-01) (  5.646360e-01,   9.255204e-01) 
(  1.028688e-01,  -4.802356e-01) (  5.973632e-01,  -6.242864e-01) (  1.855096e+00,   0.000000e+00) (  9.087637e-02,   6.243585e-01)             ...(  3.456846e-01,   9.328911e-01) (  7.257923e-01,   4.888433e-01) (  5.383450e-01,   6.358792e-01) (  3.979530e-01,   2.340808e-01) 
(  1.380244e-01,  -9.146480e-01) (  5.780635e-01,  -7.421677e-01) (  9.087637e-02,  -6.243585e-01) (  1.968764e+00,   0.000000e+00)             ...(  4.843189e-01,   2.257581e-01) (  1.417945e-01,   9.150950e-01) (  4.710595e-04,   4.926925e-02) (  3.993764e-01,   2.283195e-01) 
            ...            ...            ...            ...            ...            ...            ...            ...            ...
(  6.243723e-01,  -5.676889e-01) (  9.920568e-01,  -2.945251e-01) (  3.456846e-01,  -9.328911e-01) (  4.843189e-01,  -2.257581e-01)             ...(  1.151066e+00,   0.000000e+00) (  3.302086e-01,   3.641276e-01) (  9.075705e-01,   1.849887e-01) (  2.623945e-01,   8.230807e-01) 
(  4.179935e-01,  -7.544068e-01) (  2.163899e-01,  -2.501859e-01) (  7.257923e-01,  -4.888433e-01) (  1.417945e-01,  -9.150950e-01)             ...(  3.302086e-01,  -3.641276e-01) (  1.464498e+00,   0.000000e+00) (  5.151498e-01,   6.289172e-01) (  2.617671e-02,   2.440449e-01) 
(  5.133636e-01,  -2.105671e-01) (  6.861816e-01,  -3.364356e-01) (  5.383450e-01,  -6.358792e-01) (  4.710595e-04,  -4.926925e-02)             ...(  9.075705e-01,  -1.849887e-01) (  5.151498e-01,  -6.289172e-01) (  1.610766e+00,   0.000000e+00) (  8.698079e-01,   1.883840e-01) 
(  5.475012e-01,  -7.385100e-01) (  5.646360e-01,  -9.255204e-01) (  3.979530e-01,  -2.340808e-01) (  3.993764e-01,  -2.283195e-01)             ...(  2.623945e-01,  -8.230807e-01) (  2.617671e-02,  -2.440449e-01) (  8.698079e-01,  -1.883840e-01) (  1.198662e+00,   0.000000e+00) 
Output matrix (normalized)
(  4.599111e-02,   0.000000e+00) ( -5.546805e-02,   0.000000e+00) ( -5.338145e-02,   0.000000e+00) ( -3.812469e-02,   0.000000e+00)             ...(  5.400736e-02,   0.000000e+00) (  5.019195e-02,   0.000000e+00) (  4.604723e-02,   0.000000e+00) (  4.843534e-02,   0.000000e+00) 
(  5.184499e-02,  -1.728191e-03) ( -4.117956e-02,   7.388490e-03) ( -5.252696e-02,  -1.573954e-02) ( -3.152209e-02,   2.654012e-03)             ...(  5.510465e-02,  -2.182826e-02) (  4.804318e-02,  -6.847958e-03) (  5.347645e-02,  -5.303199e-03) (  5.148883e-02,   3.038397e-03) 
(  4.893706e-02,  -2.825223e-03) ( -4.188209e-02,   2.220393e-02) ( -2.648144e-02,  -2.679189e-02) ( -4.988197e-02,  -3.146637e-02)             ...(  6.229027e-02,  -1.985926e-02) (  4.139595e-02,  -2.371101e-02) (  5.004084e-02,  -9.380077e-03) (  5.133774e-02,   1.547031e-03) 
(  5.542817e-02,   2.173236e-03) ( -4.637924e-02,   4.775651e-04) ( -3.713075e-02,  -3.562875e-03) ( -4.517481e-02,   1.040790e-02)             ...(  4.484541e-02,  -6.185008e-03) (  4.552277e-02,   1.194354e-02) (  3.958496e-02,  -5.325970e-03) (  5.137740e-02,   1.437981e-03) 
            ...            ...            ...            ...            ...            ...            ...            ...            ...
( -5.171951e-03,  -5.276143e-02) (  1.813008e-02,   4.281812e-02) ( -1.098822e-03,   5.209554e-02) (  7.495913e-03,   4.126941e-02)             ...(  3.932931e-02,  -6.062795e-02) ( -1.287882e-02,  -5.217095e-02) ( -1.369049e-05,  -4.998787e-02) (  3.323927e-03,  -4.949649e-02) 
( -1.603155e-03,  -4.700865e-02) (  2.841237e-02,   3.904028e-02) ( -1.953731e-02,   4.303446e-02) (  1.194747e-03,   4.639019e-02)             ...(  1.592245e-02,  -2.842794e-02) ( -2.713772e-03,  -4.810083e-02) ( -7.268994e-03,  -5.302049e-02) (  1.009990e-03,  -5.060446e-02) 
( -1.578705e-03,  -5.177185e-02) ( -9.218754e-04,   5.420614e-02) ( -6.329164e-03,   5.254341e-02) (  1.065665e-02,   2.416615e-02)             ...(  2.684414e-02,  -3.258725e-02) ( -7.897122e-04,  -4.420464e-02) (  4.276192e-03,  -3.652051e-02) (  3.770776e-03,  -5.140164e-02) 
( -5.465954e-03,  -5.383384e-02) (  1.571725e-02,   4.663236e-02) ( -1.393075e-02,   4.828472e-02) (  1.755103e-02,   5.479975e-02)             ...(  1.119409e-02,  -8.404943e-02) ( -8.331551e-03,  -5.266398e-02) ( -6.044575e-03,  -5.567383e-02) (  1.131328e-03,  -5.179034e-02) 
average time 0.0361271 s
average time 0.0372163 s (including handle creation)
RUN n: 800 repeat: 10 dtype: St7complexIdE
Input matrix
(  6.507468e-01,   0.000000e+00) (  6.879441e-01,   8.702386e-01) (  8.152256e-01,   6.887261e-01) (  3.324698e-01,   7.040681e-01)             ...(  8.471662e-01,   9.731581e-01) (  8.454434e-01,   1.836259e-02) (  6.905201e-01,   5.807705e-01) (  9.693475e-01,   3.789301e-01) 
(  6.879441e-01,  -8.702386e-01) (  1.932352e+00,   0.000000e+00) (  1.991067e-01,   9.923963e-01) (  3.172011e-01,   3.730792e-01)             ...(  5.179577e-01,   6.734177e-01) (  8.300284e-01,   3.063946e-01) (  5.263834e-01,   2.548131e-01) (  2.263055e-01,   3.247771e-01) 
(  8.152256e-01,  -6.887261e-01) (  1.991067e-01,  -9.923963e-01) (  1.329687e+00,   0.000000e+00) (  1.473102e-01,   1.448011e-01)             ...(  5.890603e-01,   7.200455e-01) (  7.843337e-01,   1.782826e-01) (  6.659542e-01,   7.319313e-01) (  1.481626e-01,   3.690799e-01) 
(  3.324698e-01,  -7.040681e-01) (  3.172011e-01,  -3.730792e-01) (  1.473102e-01,  -1.448011e-01) (  7.358255e-01,   0.000000e+00)             ...(  7.868369e-01,   8.987503e-02) (  2.979450e-01,   3.004248e-01) (  6.916085e-01,   1.171752e-01) (  8.446465e-01,   9.311252e-01) 
            ...            ...            ...            ...            ...            ...            ...            ...            ...
(  8.471662e-01,  -9.731581e-01) (  5.179577e-01,  -6.734177e-01) (  5.890603e-01,  -7.200455e-01) (  7.868369e-01,  -8.987503e-02)             ...(  1.250303e+00,   0.000000e+00) (  9.238229e-01,   7.451349e-01) (  4.187816e-01,   1.233852e-01) (  2.769929e-01,   9.049401e-01) 
(  8.454434e-01,  -1.836259e-02) (  8.300284e-01,  -3.063946e-01) (  7.843337e-01,  -1.782826e-01) (  2.979450e-01,  -3.004248e-01)             ...(  9.238229e-01,  -7.451349e-01) (  1.583984e+00,   0.000000e+00) (  3.290548e-01,   6.490715e-01) (  3.590910e-01,   9.524353e-01) 
(  6.905201e-01,  -5.807705e-01) (  5.263834e-01,  -2.548131e-01) (  6.659542e-01,  -7.319313e-01) (  6.916085e-01,  -1.171752e-01)             ...(  4.187816e-01,  -1.233852e-01) (  3.290548e-01,  -6.490715e-01) (  1.566285e+00,   0.000000e+00) (  3.648294e-02,   9.220777e-01) 
(  9.693475e-01,  -3.789301e-01) (  2.263055e-01,  -3.247771e-01) (  1.481626e-01,  -3.690799e-01) (  8.446465e-01,  -9.311252e-01)             ...(  2.769929e-01,  -9.049401e-01) (  3.590910e-01,  -9.524353e-01) (  3.648294e-02,  -9.220777e-01) (  1.986678e+00,   0.000000e+00) 
Output matrix (normalized)
(  3.522027e-02,   4.313240e-18) ( -3.094595e-02,  -3.789785e-18) ( -4.369807e-02,  -5.351470e-18) (  2.266650e-02,   2.775846e-18)             ...( -3.589209e-02,  -4.395514e-18) (  3.484526e-02,   4.267314e-18) ( -3.582502e-02,  -4.387299e-18) ( -3.456348e-02,  -4.232805e-18) 
(  3.599995e-02,  -1.820215e-03) ( -3.328917e-02,  -1.046993e-02) ( -2.558546e-02,   7.060940e-03) (  5.027889e-02,   1.034727e-02)             ...( -4.448311e-02,   8.568068e-03) (  4.259776e-02,   4.983377e-03) ( -4.153686e-02,   3.410542e-03) ( -3.529598e-02,  -1.005982e-03) 
(  3.698309e-02,  -6.251465e-04) ( -3.966596e-02,  -3.767123e-03) ( -2.926137e-02,   3.275652e-04) (  2.311748e-02,   1.917709e-02)             ...( -3.708233e-02,   4.411567e-03) (  2.757796e-02,   1.288811e-03) ( -3.583064e-02,   5.156782e-03) ( -3.511174e-02,  -5.217793e-05) 
(  3.386745e-02,  -8.756367e-04) ( -3.055839e-02,  -3.805688e-03) ( -2.925189e-02,  -1.581845e-03) (  3.459654e-02,   3.021622e-03)             ...( -3.143745e-02,  -1.253438e-02) (  3.653889e-02,  -7.393228e-03) ( -2.914646e-02,   4.965598e-03) ( -3.477757e-02,  -2.726750e-04) 
            ...            ...            ...            ...            ...            ...            ...            ...            ...
( -3.462399e-03,  -3.702085e-02) ( -4.871064e-03,   3.239497e-02) ( -1.111426e-02,   3.123604e-02) (  8.854443e-04,  -3.159396e-02)             ...( -4.554325e-03,   3.353287e-02) ( -3.684954e-04,  -4.241516e-02) (  5.608719e-03,   3.303049e-02) ( -5.737685e-05,   3.603131e-02) 
( -7.713304e-04,  -3.740971e-02) ( -4.906169e-03,   3.971982e-02) (  2.918921e-03,   2.655056e-02) ( -1.443909e-02,  -3.966317e-02)             ...(  9.928539e-04,   4.481234e-02) ( -5.868464e-03,  -3.593872e-02) (  6.463382e-04,   2.950877e-02) ( -7.692394e-04,   3.558358e-02) 
( -3.188048e-03,  -3.549901e-02) ( -3.919549e-03,   3.952289e-02) ( -3.666746e-03,   3.539475e-02) (  3.716174e-03,  -3.245980e-02)             ...(  3.986961e-03,   3.290195e-02) (  1.444431e-03,  -3.489236e-02) ( -5.181923e-04,   2.816131e-02) ( -1.519683e-03,   3.515780e-02) 
( -2.761405e-03,  -3.382296e-02) ( -4.537854e-03,   3.700198e-02) ( -1.366767e-04,   4.288531e-02) (  7.519563e-03,  -3.289100e-02)             ...( -1.500568e-02,   3.767129e-02) (  1.258163e-03,  -3.501391e-02) ( -2.866568e-04,   3.636972e-02) ( -4.660610e-04,   3.551280e-02) 
average time 0.157225 s
average time 0.158714 s (including handle creation)
RUN n: 1600 repeat: 10 dtype: St7complexIdE
Input matrix
(  1.586560e+00,   0.000000e+00) (  4.237986e-01,   2.449241e-01) (  5.070099e-01,   4.802999e-01) (  4.467987e-01,   7.952144e-01)             ...(  8.103287e-02,   1.307050e-01) (  2.975224e-01,   4.873309e-01) (  5.687568e-01,   4.633310e-01) (  5.600798e-02,   9.960540e-01) 
(  4.237986e-01,  -2.449241e-01) (  1.212169e+00,   0.000000e+00) (  7.785609e-01,   6.998545e-01) (  8.783755e-01,   8.833739e-01)             ...(  2.578314e-01,   3.956991e-01) (  5.229905e-02,   6.881745e-01) (  2.723447e-01,   3.526280e-01) (  5.815410e-01,   1.564570e-01) 
(  5.070099e-01,  -4.802999e-01) (  7.785609e-01,  -6.998545e-01) (  6.163268e-02,   0.000000e+00) (  2.398519e-01,   1.152948e-01)             ...(  3.919017e-01,   5.599051e-01) (  3.268639e-01,   3.163797e-01) (  8.578788e-01,   2.578367e-01) (  4.576555e-01,   4.341524e-01) 
(  4.467987e-01,  -7.952144e-01) (  8.783755e-01,  -8.833739e-01) (  2.398519e-01,  -1.152948e-01) (  1.747407e+00,   0.000000e+00)             ...(  6.660785e-01,   3.495306e-01) (  7.896952e-01,   9.588653e-01) (  2.720060e-01,   8.760286e-01) (  7.874732e-01,   4.575058e-01) 
            ...            ...            ...            ...            ...            ...            ...            ...            ...
(  8.103287e-02,  -1.307050e-01) (  2.578314e-01,  -3.956991e-01) (  3.919017e-01,  -5.599051e-01) (  6.660785e-01,  -3.495306e-01)             ...(  7.592198e-01,   0.000000e+00) (  2.050524e-01,   4.536883e-01) (  9.526798e-01,   9.557777e-01) (  1.306717e-02,   8.314950e-01) 
(  2.975224e-01,  -4.873309e-01) (  5.229905e-02,  -6.881745e-01) (  3.268639e-01,  -3.163797e-01) (  7.896952e-01,  -9.588653e-01)             ...(  2.050524e-01,  -4.536883e-01) (  1.452821e+00,   0.000000e+00) (  7.292439e-01,   2.593106e-01) (  1.140857e-01,   6.230222e-01) 
(  5.687568e-01,  -4.633310e-01) (  2.723447e-01,  -3.526280e-01) (  8.578788e-01,  -2.578367e-01) (  2.720060e-01,  -8.760286e-01)             ...(  9.526798e-01,  -9.557777e-01) (  7.292439e-01,  -2.593106e-01) (  5.569412e-01,   0.000000e+00) (  7.847921e-01,   5.727229e-01) 
(  5.600798e-02,  -9.960540e-01) (  5.815410e-01,  -1.564570e-01) (  4.576555e-01,  -4.341524e-01) (  7.874732e-01,  -4.575058e-01)             ...(  1.306717e-02,  -8.314950e-01) (  1.140857e-01,  -6.230222e-01) (  7.847921e-01,  -5.727229e-01) (  9.496856e-01,   0.000000e+00) 
Output matrix (normalized)
(  2.419575e-02,   2.963125e-18) ( -2.608844e-02,  -3.194913e-18) ( -2.668047e-02,  -3.267415e-18) ( -1.949351e-02,  -2.387266e-18)             ...( -2.831576e-02,  -3.467680e-18) ( -2.613918e-02,  -3.201126e-18) (  2.308110e-02,   2.826619e-18) ( -2.461990e-02,  -3.015068e-18) 
(  2.412457e-02,   9.724022e-04) ( -2.508755e-02,  -3.627845e-04) ( -2.530920e-02,   6.017175e-03) ( -1.626599e-02,   5.570957e-03)             ...( -1.936198e-02,  -3.634932e-04) ( -2.784044e-02,  -3.895953e-04) (  2.605123e-02,   2.634050e-03) ( -2.489376e-02,   9.372550e-05) 
(  2.536413e-02,   5.643428e-04) ( -2.427609e-02,   3.676239e-03) ( -2.655310e-02,  -1.331942e-03) ( -2.145927e-02,  -4.592713e-04)             ...( -2.291512e-02,   8.185175e-03) ( -2.384450e-02,   9.407310e-04) (  2.604639e-02,  -1.043394e-03) ( -2.468465e-02,   1.494691e-04) 
(  2.451732e-02,   1.214553e-03) ( -2.090070e-02,   1.794767e-04) ( -2.281577e-02,  -1.034588e-04) ( -2.940057e-02,  -5.865022e-03)             ...( -2.429258e-02,   2.260456e-03) ( -2.690833e-02,  -3.784941e-03) (  2.681462e-02,  -7.199006e-04) ( -2.515076e-02,  -2.983464e-04) 
            ...            ...            ...            ...            ...            ...            ...            ...            ...
(  6.302814e-04,  -2.492196e-02) (  4.653757e-03,   2.426074e-02) ( -2.992073e-04,   1.949617e-02) ( -1.086795e-03,   2.847069e-02)             ...(  1.808319e-04,   3.123650e-02) ( -8.260902e-03,   2.422759e-02) (  1.962000e-03,  -2.428326e-02) (  3.591820e-04,   2.464280e-02) 
(  5.426635e-04,  -2.473345e-02) (  7.524384e-04,   2.771650e-02) (  6.027349e-03,   2.189290e-02) ( -1.923977e-03,   2.768054e-02)             ...(  1.957162e-03,   2.360644e-02) ( -1.481792e-03,   1.966697e-02) (  2.384855e-03,  -2.421044e-02) ( -5.126648e-04,   2.464141e-02) 
(  1.689009e-03,  -2.481686e-02) (  1.379200e-03,   2.510175e-02) ( -5.804633e-03,   2.828836e-02) ( -2.552974e-03,   2.089182e-02)             ...(  7.189611e-03,   2.559181e-02) ( -1.342556e-03,   2.079639e-02) (  9.325681e-04,  -2.505124e-02) ( -1.955765e-04,   2.512102e-02) 
( -5.357539e-04,  -2.545166e-02) ( -2.142372e-03,   2.389842e-02) ( -2.819395e-03,   2.351010e-02) ( -1.249190e-03,   2.876291e-02)             ...(  2.878002e-03,   2.255314e-02) (  3.016467e-03,   3.054385e-02) ( -1.982841e-03,  -2.713552e-02) (  2.135612e-04,   2.518407e-02) 
average time 1.02936 s
average time 1.09831 s (including handle creation)
RUN n: 3200 repeat: 10 dtype: St7complexIdE
Input matrix
(  3.777361e-01,   0.000000e+00) (  6.878338e-01,   6.163540e-01) (  4.342786e-01,   8.667364e-01) (  1.905719e-01,   6.378650e-01)             ...(  8.880665e-01,   5.978623e-01) (  5.016407e-01,   9.446182e-01) (  3.713762e-01,   4.914788e-01) (  1.506776e-01,   5.528690e-01) 
(  6.878338e-01,  -6.163540e-01) (  7.487821e-01,   0.000000e+00) (  3.235549e-01,   8.793181e-03) (  7.328905e-01,   6.703651e-01)             ...(  6.921840e-01,   8.319750e-01) (  9.461580e-01,   8.663458e-01) (  1.362261e-01,   4.454264e-01) (  1.835326e-01,   3.921409e-01) 
(  4.342786e-01,  -8.667364e-01) (  3.235549e-01,  -8.793181e-03) (  7.596852e-01,   0.000000e+00) (  1.218270e-01,   5.825250e-01)             ...(  9.592450e-01,   6.355863e-01) (  3.037463e-01,   9.673592e-01) (  8.270269e-01,   8.194719e-02) (  9.511304e-01,   9.130485e-01) 
(  1.905719e-01,  -6.378650e-01) (  7.328905e-01,  -6.703651e-01) (  1.218270e-01,  -5.825250e-01) (  9.904431e-01,   0.000000e+00)             ...(  9.919558e-01,   6.717771e-01) (  1.235563e-01,   6.799854e-01) (  3.681872e-01,   3.088740e-01) (  2.954410e-01,   3.724806e-01) 
            ...            ...            ...            ...            ...            ...            ...            ...            ...
(  8.880665e-01,  -5.978623e-01) (  6.921840e-01,  -8.319750e-01) (  9.592450e-01,  -6.355863e-01) (  9.919558e-01,  -6.717771e-01)             ...(  3.140069e-01,   0.000000e+00) (  2.043345e-02,   1.762211e-02) (  5.310449e-01,   4.338205e-01) (  1.320511e-01,   9.641343e-02) 
(  5.016407e-01,  -9.446182e-01) (  9.461580e-01,  -8.663458e-01) (  3.037463e-01,  -9.673592e-01) (  1.235563e-01,  -6.799854e-01)             ...(  2.043345e-02,  -1.762211e-02) (  3.439592e-01,   0.000000e+00) (  4.046375e-01,   3.977955e-01) (  8.850824e-01,   6.316352e-01) 
(  3.713762e-01,  -4.914788e-01) (  1.362261e-01,  -4.454264e-01) (  8.270269e-01,  -8.194719e-02) (  3.681872e-01,  -3.088740e-01)             ...(  5.310449e-01,  -4.338205e-01) (  4.046375e-01,  -3.977955e-01) (  1.064062e+00,   0.000000e+00) (  9.028647e-01,   2.721795e-01) 
(  1.506776e-01,  -5.528690e-01) (  1.835326e-01,  -3.921409e-01) (  9.511304e-01,  -9.130485e-01) (  2.954410e-01,  -3.724806e-01)             ...(  1.320511e-01,  -9.641343e-02) (  8.850824e-01,  -6.316352e-01) (  9.028647e-01,  -2.721795e-01) (  1.811269e+00,   0.000000e+00) 
Output matrix (normalized)
(  1.752479e-02,   2.146168e-18) ( -1.705008e-02,  -2.088033e-18) (  1.690051e-02,   2.069715e-18) ( -1.454755e-02,  -1.781561e-18)             ...(  1.552482e-02,   1.901242e-18) ( -1.864529e-02,  -2.283389e-18) (  1.770578e-02,   2.168333e-18) ( -1.752273e-02,  -2.145916e-18) 
(  1.756262e-02,  -6.245363e-04) ( -1.778168e-02,   3.595240e-03) (  2.043537e-02,  -1.586217e-03) ( -1.691714e-02,   3.051624e-03)             ...(  1.636400e-02,  -2.484755e-03) ( -1.556348e-02,   6.014712e-05) (  1.740029e-02,  -1.696020e-04) ( -1.772872e-02,  -8.776371e-05) 
(  1.731572e-02,  -9.991237e-04) ( -1.820585e-02,   2.556555e-03) (  1.670095e-02,  -1.495166e-03) ( -1.618761e-02,   2.892762e-05)             ...(  1.662266e-02,   1.204540e-03) ( -1.865644e-02,  -1.318253e-03) (  1.753716e-02,  -1.203360e-03) ( -1.768747e-02,  -2.775330e-04) 
(  1.766613e-02,  -1.849417e-04) ( -1.796025e-02,   9.170452e-04) (  1.361028e-02,  -2.414545e-03) ( -1.544503e-02,  -4.113389e-03)             ...(  1.561857e-02,   2.885729e-03) ( -1.789813e-02,   2.526970e-03) (  1.852774e-02,   6.071810e-05) ( -1.755872e-02,  -1.376617e-05) 
            ...            ...            ...            ...            ...            ...            ...            ...            ...
( -5.928980e-04,  -1.730661e-02) (  2.366801e-03,   1.813703e-02) ( -1.705507e-03,  -1.800617e-02) (  4.256200e-04,   1.879504e-02)             ...(  1.251074e-03,  -1.626290e-02) ( -2.007304e-03,   1.769758e-02) (  8.437547e-04,  -1.819714e-02) ( -1.998856e-04,   1.793128e-02) 
( -1.531216e-03,  -1.770189e-02) (  1.735761e-03,   1.644386e-02) ( -3.392392e-03,  -1.698964e-02) ( -5.342696e-04,   1.606706e-02)             ...(  2.086244e-03,  -1.462098e-02) ( -3.656032e-04,   1.600909e-02) (  5.188474e-04,  -1.659184e-02) ( -4.868615e-05,   1.765956e-02) 
( -5.981783e-04,  -1.727490e-02) (  1.836879e-03,   1.627853e-02) ( -2.458761e-04,  -1.608816e-02) (  3.750005e-05,   2.072811e-02)             ...(  2.440406e-03,  -1.814126e-02) (  2.783439e-03,   1.626293e-02) (  8.855046e-04,  -1.834332e-02) ( -2.457225e-04,   1.783761e-02) 
( -1.137040e-03,  -1.707035e-02) (  2.584272e-03,   1.867006e-02) ( -1.820604e-03,  -1.681378e-02) ( -1.344491e-03,   1.711258e-02)             ...(  1.938067e-03,  -1.638460e-02) ( -8.224595e-04,   1.592104e-02) ( -4.781914e-04,  -1.730514e-02) ( -6.902952e-05,   1.754083e-02) 
average time 1.44546 s
average time 1.91124 s (including handle creation)
RUN n: 6400 repeat: 10 dtype: St7complexIdE
Input matrix
(  1.756396e+00,   0.000000e+00) (  2.501806e-01,   4.761113e-01) (  8.469572e-02,   8.873210e-01) (  6.344854e-01,   9.917683e-01)             ...(  9.497338e-01,   7.023174e-01) (  4.139644e-01,   1.011725e-01) (  2.022229e-01,   7.799711e-01) (  9.279347e-01,   4.769558e-01) 
(  2.501806e-01,  -4.761113e-01) (  8.088545e-01,   0.000000e+00) (  8.080682e-01,   1.402762e-03) (  3.828726e-01,   1.180488e-01)             ...(  8.971777e-01,   4.998333e-01) (  5.792147e-01,   9.187561e-01) (  7.266139e-02,   7.867359e-01) (  9.965213e-01,   6.367170e-01) 
(  8.469572e-02,  -8.873210e-01) (  8.080682e-01,  -1.402762e-03) (  4.266641e-01,   0.000000e+00) (  6.856446e-01,   4.232433e-01)             ...(  7.482110e-01,   4.908170e-01) (  5.528324e-01,   7.115618e-01) (  3.300709e-01,   6.499167e-01) (  2.294401e-01,   8.625309e-01) 
(  6.344854e-01,  -9.917683e-01) (  3.828726e-01,  -1.180488e-01) (  6.856446e-01,  -4.232433e-01) (  1.069494e+00,   0.000000e+00)             ...(  8.191026e-01,   1.073102e-01) (  2.204030e-01,   5.705727e-01) (  4.988920e-01,   9.993416e-01) (  7.335642e-01,   8.480945e-02) 
            ...            ...            ...            ...            ...            ...            ...            ...            ...
(  9.497338e-01,  -7.023174e-01) (  8.971777e-01,  -4.998333e-01) (  7.482110e-01,  -4.908170e-01) (  8.191026e-01,  -1.073102e-01)             ...(  1.637865e+00,   0.000000e+00) (  2.512267e-01,   6.438512e-01) (  5.128547e-01,   9.507212e-01) (  8.685216e-03,   5.998393e-01) 
(  4.139644e-01,  -1.011725e-01) (  5.792147e-01,  -9.187561e-01) (  5.528324e-01,  -7.115618e-01) (  2.204030e-01,  -5.705727e-01)             ...(  2.512267e-01,  -6.438512e-01) (  1.965266e+00,   0.000000e+00) (  1.490512e-01,   8.083834e-01) (  8.565767e-01,   4.910369e-01) 
(  2.022229e-01,  -7.799711e-01) (  7.266139e-02,  -7.867359e-01) (  3.300709e-01,  -6.499167e-01) (  4.988920e-01,  -9.993416e-01)             ...(  5.128547e-01,  -9.507212e-01) (  1.490512e-01,  -8.083834e-01) (  1.609574e+00,   0.000000e+00) (  1.527144e-01,   2.105587e-01) 
(  9.279347e-01,  -4.769558e-01) (  9.965213e-01,  -6.367170e-01) (  2.294401e-01,  -8.625309e-01) (  7.335642e-01,  -8.480945e-02)             ...(  8.685216e-03,  -5.998393e-01) (  8.565767e-01,  -4.910369e-01) (  1.527144e-01,  -2.105587e-01) (  3.992068e-01,   0.000000e+00) 
Output matrix (normalized)
(  1.257917e-02,   0.000000e+00) (  1.182170e-02,   0.000000e+00) (  1.247873e-02,   0.000000e+00) ( -1.263178e-02,   0.000000e+00)             ...(  1.263195e-02,   0.000000e+00) (  1.217581e-02,   0.000000e+00) (  1.173719e-02,   0.000000e+00) ( -1.256904e-02,   0.000000e+00) 
(  1.265218e-02,   8.324021e-05) (  1.309597e-02,  -9.002741e-04) (  1.261143e-02,  -4.724940e-05) ( -1.360764e-02,  -4.480998e-04)             ...(  1.362729e-02,  -2.582821e-03) (  1.283861e-02,   9.980476e-04) (  1.264604e-02,  -4.495069e-04) ( -1.246184e-02,   8.607570e-07) 
(  1.239113e-02,   3.398768e-05) (  1.281903e-02,  -1.179779e-03) (  1.338861e-02,  -5.540714e-04) ( -1.204167e-02,  -1.737242e-03)             ...(  1.097824e-02,  -1.062364e-03) (  1.238856e-02,  -1.121704e-04) (  1.295588e-02,  -8.094093e-04) ( -1.255505e-02,   5.452589e-05) 
(  1.304270e-02,   1.340996e-04) (  1.224536e-02,  -1.101733e-03) (  1.325013e-02,   2.245923e-04) ( -1.139443e-02,  -2.310298e-03)             ...(  1.360247e-02,  -9.640222e-04) (  1.279420e-02,  -1.173908e-03) (  1.280732e-02,   1.453609e-04) ( -1.252245e-02,   8.301375e-05) 
            ...            ...            ...            ...            ...            ...            ...            ...            ...
( -1.423238e-04,  -1.250901e-02) ( -4.289310e-04,  -1.263353e-02) ( -1.192868e-03,  -1.189460e-02) ( -1.177353e-03,   1.321347e-02)             ...( -2.135218e-03,  -1.266211e-02) (  6.380991e-04,  -1.159251e-02) ( -4.799499e-04,  -1.279417e-02) ( -1.095185e-05,   1.236201e-02) 
( -1.064874e-04,  -1.262256e-02) ( -1.918036e-03,  -1.225069e-02) (  4.102044e-04,  -1.176983e-02) ( -9.868277e-04,   1.269698e-02)             ...( -1.004787e-03,  -1.275457e-02) ( -7.786061e-06,  -1.381369e-02) (  8.520259e-05,  -1.184962e-02) ( -1.666422e-05,   1.264048e-02) 
( -1.060738e-04,  -1.231661e-02) ( -7.517938e-04,  -1.184029e-02) ( -1.659720e-03,  -1.314121e-02) ( -1.066786e-03,   1.179477e-02)             ...( -8.502660e-04,  -1.261867e-02) (  1.135009e-03,  -1.280481e-02) ( -1.696493e-04,  -1.297361e-02) ( -4.280962e-05,   1.249639e-02) 
(  8.178491e-05,  -1.284252e-02) ( -1.807324e-04,  -1.191979e-02) ( -1.326539e-03,  -1.222199e-02) ( -1.925651e-03,   1.217405e-02)             ...(  6.081430e-05,  -1.262620e-02) (  4.999312e-04,  -1.215445e-02) ( -1.379716e-04,  -1.271117e-02) ( -8.579519e-05,   1.245058e-02) 
average time 5.13532 s
average time 5.97797 s (including handle creation)
RUN n: 12800 repeat: 10 dtype: St7complexIdE
Input matrix
(  1.057408e+00,   0.000000e+00) (  1.496957e-02,   9.416973e-01) (  1.954596e-01,   9.720268e-01) (  2.236328e-01,   9.173710e-02)             ...(  6.731834e-01,   6.712763e-01) (  8.986641e-01,   7.252165e-02) (  1.620678e-01,   6.908003e-01) (  8.653768e-01,   1.136659e-01) 
(  1.496957e-02,  -9.416973e-01) (  7.799328e-02,   0.000000e+00) (  9.700484e-01,   4.426393e-01) (  9.309030e-01,   1.007864e-01)             ...(  9.018827e-01,   7.896985e-01) (  1.789913e-01,   4.585517e-01) (  6.219815e-01,   9.239313e-01) (  2.936537e-01,   7.826807e-01) 
(  1.954596e-01,  -9.720268e-01) (  9.700484e-01,  -4.426393e-01) (  6.178370e-01,   0.000000e+00) (  8.505598e-01,   3.648756e-01)             ...(  1.043427e-02,   1.848835e-01) (  8.839355e-01,   5.753756e-01) (  6.376642e-01,   3.740349e-01) (  8.579433e-01,   9.745628e-01) 
(  2.236328e-01,  -9.173710e-02) (  9.309030e-01,  -1.007864e-01) (  8.505598e-01,  -3.648756e-01) (  5.845512e-01,   0.000000e+00)             ...(  9.308756e-01,   7.399634e-01) (  7.913302e-01,   3.133944e-01) (  5.673822e-01,   2.860818e-01) (  7.984937e-01,   5.455844e-02) 
            ...            ...            ...            ...            ...            ...            ...            ...            ...
(  6.731834e-01,  -6.712763e-01) (  9.018827e-01,  -7.896985e-01) (  1.043427e-02,  -1.848835e-01) (  9.308756e-01,  -7.399634e-01)             ...(  5.046551e-01,   0.000000e+00) (  2.827832e-01,   6.265171e-01) (  5.060563e-02,   1.977370e-01) (  5.568886e-01,   5.261499e-01) 
(  8.986641e-01,  -7.252165e-02) (  1.789913e-01,  -4.585517e-01) (  8.839355e-01,  -5.753756e-01) (  7.913302e-01,  -3.133944e-01)             ...(  2.827832e-01,  -6.265171e-01) (  6.848065e-01,   0.000000e+00) (  7.810381e-01,   8.635467e-01) (  2.592388e-01,   2.525174e-01) 
(  1.620678e-01,  -6.908003e-01) (  6.219815e-01,  -9.239313e-01) (  6.376642e-01,  -3.740349e-01) (  5.673822e-01,  -2.860818e-01)             ...(  5.060563e-02,  -1.977370e-01) (  7.810381e-01,  -8.635467e-01) (  8.370808e-01,   0.000000e+00) (  4.645616e-01,   4.493115e-01) 
(  8.653768e-01,  -1.136659e-01) (  2.936537e-01,  -7.826807e-01) (  8.579433e-01,  -9.745628e-01) (  7.984937e-01,  -5.455844e-02)             ...(  5.568886e-01,  -5.261499e-01) (  2.592388e-01,  -2.525174e-01) (  4.645616e-01,  -4.493115e-01) (  6.128483e-01,   0.000000e+00) 
Output matrix (normalized)
(  8.876947e-03,   0.000000e+00) (  9.282406e-03,   0.000000e+00) (  8.305975e-03,   0.000000e+00) (  8.208223e-03,   0.000000e+00)             ...(  9.382711e-03,   0.000000e+00) (  8.529833e-03,   0.000000e+00) (  8.816291e-03,   0.000000e+00) ( -8.820916e-03,   0.000000e+00) 
(  9.053113e-03,  -7.823352e-05) (  8.575148e-03,  -4.467864e-04) (  8.533670e-03,  -1.526298e-04) (  9.936689e-03,  -1.977051e-04)             ...(  8.530554e-03,   7.069517e-04) (  8.545352e-03,  -1.655769e-06) (  8.765954e-03,   1.054604e-04) ( -8.781236e-03,   3.493065e-05) 
(  8.917929e-03,   2.653076e-05) (  8.660840e-03,  -3.067967e-04) (  9.007487e-03,   1.952851e-04) (  8.622117e-03,   5.800923e-05)             ...(  8.588280e-03,   7.337134e-04) (  8.951803e-03,   1.213266e-04) (  8.842330e-03,   2.351341e-04) ( -8.931073e-03,   2.868467e-09) 
(  8.745118e-03,  -1.198187e-04) (  9.459609e-03,  -2.014892e-04) (  9.139188e-03,  -6.233320e-04) (  9.366083e-03,  -3.769711e-04)             ...(  8.625752e-03,   6.123286e-04) (  8.604800e-03,   3.788188e-04) (  8.621586e-03,   2.028519e-04) ( -8.849184e-03,   2.704306e-05) 
            ...            ...            ...            ...            ...            ...            ...            ...            ...
( -4.617320e-05,  -9.080456e-03) ( -2.559547e-04,  -9.009551e-03) (  4.523931e-04,  -8.903403e-03) ( -9.997533e-05,  -9.458214e-03)             ...(  3.041921e-04,  -9.846327e-03) (  1.434525e-04,  -8.952240e-03) (  2.004915e-04,  -9.097615e-03) (  5.770861e-05,   8.796528e-03) 
(  1.672428e-05,  -8.854682e-03) ( -3.184099e-04,  -8.986552e-03) ( -1.591003e-04,  -8.154480e-03) (  3.789864e-05,  -9.194722e-03)             ...(  2.825218e-04,  -7.970050e-03) (  7.436239e-05,  -8.834204e-03) (  1.423273e-04,  -8.598360e-03) (  8.197105e-07,   8.839677e-03) 
( -2.303959e-04,  -8.745388e-03) (  1.824109e-05,  -8.923962e-03) ( -8.044360e-04,  -9.291009e-03) (  3.677140e-04,  -8.310387e-03)             ...(  3.177259e-04,  -9.212292e-03) (  2.443880e-04,  -8.198471e-03) (  1.611997e-04,  -8.661740e-03) (  1.065052e-04,   8.879691e-03) 
( -1.348656e-04,  -9.111558e-03) ( -2.313755e-04,  -9.039406e-03) ( -6.052507e-04,  -9.517137e-03) (  1.000383e-05,  -9.391055e-03)             ...(  1.567105e-03,  -8.923936e-03) ( -3.150914e-04,  -8.827731e-03) (  2.229808e-04,  -9.002078e-03) (  7.945741e-05,   8.821856e-03) 
average time 24.4949 s
average time 23.9371 s (including handle creation)

================= SUMMARY =================
  Size           Avg Time   Avg Time w/ init
     3         0.00121165         0.00214001
   100         0.00288842         0.00394557
   200          0.0123036          0.0139333
   400          0.0361271          0.0372163
   800           0.157225           0.158714
  1600            1.02936            1.09831
  3200            1.44546            1.91124
  6400            5.13532            5.97797
 12800            24.4949            23.9371
